0 info it worked if it ends with ok
1 verbose cli [ '/Users/dwilt/.nvm/versions/node/v5.7.1/bin/node',
1 verbose cli   '/Users/dwilt/.nvm/versions/node/v5.7.1/bin/npm',
1 verbose cli   'run',
1 verbose cli   'start:dev' ]
2 info using npm@3.6.0
3 info using node@v5.7.1
4 verbose run-script [ 'prestart:dev', 'start:dev', 'poststart:dev' ]
5 info lifecycle react-router-redux-example@1.0.1~prestart:dev: react-router-redux-example@1.0.1
6 silly lifecycle react-router-redux-example@1.0.1~prestart:dev: no script for prestart:dev, continuing
7 info lifecycle react-router-redux-example@1.0.1~start:dev: react-router-redux-example@1.0.1
8 verbose lifecycle react-router-redux-example@1.0.1~start:dev: unsafe-perm in lifecycle true
9 verbose lifecycle react-router-redux-example@1.0.1~start:dev: PATH: /Users/dwilt/.nvm/versions/node/v5.7.1/lib/node_modules/npm/bin/node-gyp-bin:/Users/dwilt/Projects/64i/64i-v2/node_modules/.bin:/Users/dwilt/.rvm/gems/ruby-2.3.0/bin:/Users/dwilt/.rvm/gems/ruby-2.3.0@global/bin:/Users/dwilt/.rvm/rubies/ruby-2.3.0/bin:/Users/dwilt/.nvm/versions/node/v5.7.1/bin:/Users/dwilt/android-sdk-macosx/platforms:/Users/dwilt/android-sdk-macosx/tools:/usr/local/bin:/usr/bin:/bin:/usr/sbin:/sbin:/opt/X11/bin:/usr/local/git/bin:/Users/dwilt/.rvm/bin
10 verbose lifecycle react-router-redux-example@1.0.1~start:dev: CWD: /Users/dwilt/Projects/64i/64i-v2
11 silly lifecycle react-router-redux-example@1.0.1~start:dev: Args: [ '-c', 'NODE_ENV=dev node server.js' ]
12 silly lifecycle react-router-redux-example@1.0.1~start:dev: Returned: code: 1  signal: null
13 info lifecycle react-router-redux-example@1.0.1~start:dev: Failed to exec start:dev script
14 verbose stack Error: react-router-redux-example@1.0.1 start:dev: `NODE_ENV=dev node server.js`
14 verbose stack Exit status 1
14 verbose stack     at EventEmitter.<anonymous> (/Users/dwilt/.nvm/versions/node/v5.7.1/lib/node_modules/npm/lib/utils/lifecycle.js:232:16)
14 verbose stack     at emitTwo (events.js:100:13)
14 verbose stack     at EventEmitter.emit (events.js:185:7)
14 verbose stack     at ChildProcess.<anonymous> (/Users/dwilt/.nvm/versions/node/v5.7.1/lib/node_modules/npm/lib/utils/spawn.js:24:14)
14 verbose stack     at emitTwo (events.js:100:13)
14 verbose stack     at ChildProcess.emit (events.js:185:7)
14 verbose stack     at maybeClose (internal/child_process.js:827:16)
14 verbose stack     at Process.ChildProcess._handle.onexit (internal/child_process.js:211:5)
15 verbose pkgid react-router-redux-example@1.0.1
16 verbose cwd /Users/dwilt/Projects/64i/64i-v2
17 error Darwin 15.4.0
18 error argv "/Users/dwilt/.nvm/versions/node/v5.7.1/bin/node" "/Users/dwilt/.nvm/versions/node/v5.7.1/bin/npm" "run" "start:dev"
19 error node v5.7.1
20 error npm  v3.6.0
21 error code ELIFECYCLE
22 error react-router-redux-example@1.0.1 start:dev: `NODE_ENV=dev node server.js`
22 error Exit status 1
23 error Failed at the react-router-redux-example@1.0.1 start:dev script 'NODE_ENV=dev node server.js'.
23 error Make sure you have the latest version of node.js and npm installed.
23 error If you do, this is most likely a problem with the react-router-redux-example package,
23 error not with npm itself.
23 error Tell the author that this fails on your system:
23 error     NODE_ENV=dev node server.js
23 error You can get information on how to open an issue for this project with:
23 error     npm bugs react-router-redux-example
23 error Or if that isn't available, you can get their info via:
23 error     npm owner ls react-router-redux-example
23 error There is likely additional logging output above.
24 verbose exit [ 1, true ]
